-------------------------------------------------------------------------------
Test set: com.example.demo.controller.SpringBootBootstrapLiveTests
-------------------------------------------------------------------------------
Tests run: 8, Failures: 0, Errors: 8, Skipped: 0, Time elapsed: 0.889 s <<< FAILURE! - in com.example.demo.controller.SpringBootBootstrapLiveTests
whenGetNotExistBookById_thenNotFound  Time elapsed: 0.868 s  <<< ERROR!
java.lang.IllegalArgumentException: Port must be greater than 0
	at com.example.demo.controller.SpringBootBootstrapLiveTests.whenGetNotExistBookById_thenNotFound(SpringBootBootstrapLiveTests.java:96)

whenInvalidBook_thenError  Time elapsed: 0.001 s  <<< ERROR!
java.lang.IllegalArgumentException: Port must be greater than 0
	at com.example.demo.controller.SpringBootBootstrapLiveTests.whenInvalidBook_thenError(SpringBootBootstrapLiveTests.java:58)

whenUpdateCreatedBook_thenUpdated  Time elapsed: 0.003 s  <<< ERROR!
java.lang.IllegalArgumentException: Port must be greater than 0
	at com.example.demo.controller.SpringBootBootstrapLiveTests.createBookAsUri(SpringBootBootstrapLiveTests.java:41)
	at com.example.demo.controller.SpringBootBootstrapLiveTests.whenUpdateCreatedBook_thenUpdated(SpringBootBootstrapLiveTests.java:115)

whenDeleteCreatedBook_thenOk  Time elapsed: 0.002 s  <<< ERROR!
java.lang.IllegalArgumentException: Port must be greater than 0
	at com.example.demo.controller.SpringBootBootstrapLiveTests.createBookAsUri(SpringBootBootstrapLiveTests.java:41)
	at com.example.demo.controller.SpringBootBootstrapLiveTests.whenDeleteCreatedBook_thenOk(SpringBootBootstrapLiveTests.java:135)

whenGetCreatedBookById_thenOK  Time elapsed: 0.001 s  <<< ERROR!
java.lang.IllegalArgumentException: Port must be greater than 0
	at com.example.demo.controller.SpringBootBootstrapLiveTests.createBookAsUri(SpringBootBootstrapLiveTests.java:41)
	at com.example.demo.controller.SpringBootBootstrapLiveTests.whenGetCreatedBookById_thenOK(SpringBootBootstrapLiveTests.java:86)

whenGetBooksByTitle_thenOK  Time elapsed: 0.002 s  <<< ERROR!
java.lang.IllegalArgumentException: Port must be greater than 0
	at com.example.demo.controller.SpringBootBootstrapLiveTests.createBookAsUri(SpringBootBootstrapLiveTests.java:41)
	at com.example.demo.controller.SpringBootBootstrapLiveTests.whenGetBooksByTitle_thenOK(SpringBootBootstrapLiveTests.java:74)

whenGetAllBooks_thenOK  Time elapsed: 0.001 s  <<< ERROR!
java.lang.IllegalArgumentException: Port must be greater than 0
	at com.example.demo.controller.SpringBootBootstrapLiveTests.whenGetAllBooks_thenOK(SpringBootBootstrapLiveTests.java:66)

whenCreateNewBook_thenCreated  Time elapsed: 0 s  <<< ERROR!
java.lang.IllegalArgumentException: Port must be greater than 0
	at com.example.demo.controller.SpringBootBootstrapLiveTests.whenCreateNewBook_thenCreated(SpringBootBootstrapLiveTests.java:104)

